Analysis & Synthesis report for vga_640x480
Thu Dec 05 17:39:33 2024
Quartus II 64-Bit Version 13.0.1 Build 232 06/12/2013 Service Pack 1 SJ Web Edition


---------------------
; Table of Contents ;
---------------------
  1. Legal Notice
  2. Analysis & Synthesis Summary
  3. Analysis & Synthesis Settings
  4. Parallel Compilation
  5. Analysis & Synthesis Source Files Read
  6. Analysis & Synthesis Resource Usage Summary
  7. Analysis & Synthesis Resource Utilization by Entity
  8. Registers Removed During Synthesis
  9. General Register Statistics
 10. Inverted Register Statistics
 11. Multiplexer Restructuring Statistics (Restructuring Performed)
 12. Parameter Settings for User Entity Instance: clock_div:inst
 13. Parameter Settings for User Entity Instance: vga_sprite_rom:inst7
 14. Parameter Settings for User Entity Instance: clock_div:inst2
 15. Parameter Settings for Inferred Entity Instance: vga_sprite_rom:inst7|lpm_mult:Mult0
 16. lpm_mult Parameter Settings by Entity Instance
 17. Elapsed Time Per Partition
 18. Analysis & Synthesis Messages



----------------
; Legal Notice ;
----------------
Copyright (C) 1991-2013 Altera Corporation
Your use of Altera Corporation's design tools, logic functions 
and other software and tools, and its AMPP partner logic 
functions, and any output files from any of the foregoing 
(including device programming or simulation files), and any 
associated documentation or information are expressly subject 
to the terms and conditions of the Altera Program License 
Subscription Agreement, Altera MegaCore Function License 
Agreement, or other applicable license agreement, including, 
without limitation, that your use is for the sole purpose of 
programming logic devices manufactured by Altera and sold by 
Altera or its authorized distributors.  Please refer to the 
applicable agreement for further details.



+--------------------------------------------------------------------------------------+
; Analysis & Synthesis Summary                                                         ;
+------------------------------------+-------------------------------------------------+
; Analysis & Synthesis Status        ; Successful - Thu Dec 05 17:39:33 2024           ;
; Quartus II 64-Bit Version          ; 13.0.1 Build 232 06/12/2013 SP 1 SJ Web Edition ;
; Revision Name                      ; vga_640x480                                     ;
; Top-level Entity Name              ; top                                             ;
; Family                             ; Cyclone II                                      ;
; Total logic elements               ; 12,174                                          ;
;     Total combinational functions  ; 12,174                                          ;
;     Dedicated logic registers      ; 65                                              ;
; Total registers                    ; 65                                              ;
; Total pins                         ; 16                                              ;
; Total virtual pins                 ; 0                                               ;
; Total memory bits                  ; 0                                               ;
; Embedded Multiplier 9-bit elements ; 0                                               ;
; Total PLLs                         ; 0                                               ;
+------------------------------------+-------------------------------------------------+


+----------------------------------------------------------------------------------------------------------------------+
; Analysis & Synthesis Settings                                                                                        ;
+----------------------------------------------------------------------------+--------------------+--------------------+
; Option                                                                     ; Setting            ; Default Value      ;
+----------------------------------------------------------------------------+--------------------+--------------------+
; Device                                                                     ; EP2C20F484C7       ;                    ;
; Top-level entity name                                                      ; top                ; vga_640x480        ;
; Family name                                                                ; Cyclone II         ; Cyclone IV GX      ;
; Use smart compilation                                                      ; Off                ; Off                ;
; Enable parallel Assembler and TimeQuest Timing Analyzer during compilation ; On                 ; On                 ;
; Enable compact report table                                                ; Off                ; Off                ;
; Restructure Multiplexers                                                   ; Auto               ; Auto               ;
; Create Debugging Nodes for IP Cores                                        ; Off                ; Off                ;
; Preserve fewer node names                                                  ; On                 ; On                 ;
; Disable OpenCore Plus hardware evaluation                                  ; Off                ; Off                ;
; Verilog Version                                                            ; Verilog_2001       ; Verilog_2001       ;
; VHDL Version                                                               ; VHDL_1993          ; VHDL_1993          ;
; State Machine Processing                                                   ; Auto               ; Auto               ;
; Safe State Machine                                                         ; Off                ; Off                ;
; Extract Verilog State Machines                                             ; On                 ; On                 ;
; Extract VHDL State Machines                                                ; On                 ; On                 ;
; Ignore Verilog initial constructs                                          ; Off                ; Off                ;
; Iteration limit for constant Verilog loops                                 ; 5000               ; 5000               ;
; Iteration limit for non-constant Verilog loops                             ; 250                ; 250                ;
; Add Pass-Through Logic to Inferred RAMs                                    ; On                 ; On                 ;
; Infer RAMs from Raw Logic                                                  ; On                 ; On                 ;
; Parallel Synthesis                                                         ; On                 ; On                 ;
; DSP Block Balancing                                                        ; Auto               ; Auto               ;
; NOT Gate Push-Back                                                         ; On                 ; On                 ;
; Power-Up Don't Care                                                        ; On                 ; On                 ;
; Remove Redundant Logic Cells                                               ; Off                ; Off                ;
; Remove Duplicate Registers                                                 ; On                 ; On                 ;
; Ignore CARRY Buffers                                                       ; Off                ; Off                ;
; Ignore CASCADE Buffers                                                     ; Off                ; Off                ;
; Ignore GLOBAL Buffers                                                      ; Off                ; Off                ;
; Ignore ROW GLOBAL Buffers                                                  ; Off                ; Off                ;
; Ignore LCELL Buffers                                                       ; Off                ; Off                ;
; Ignore SOFT Buffers                                                        ; On                 ; On                 ;
; Limit AHDL Integers to 32 Bits                                             ; Off                ; Off                ;
; Optimization Technique                                                     ; Balanced           ; Balanced           ;
; Carry Chain Length                                                         ; 70                 ; 70                 ;
; Auto Carry Chains                                                          ; On                 ; On                 ;
; Auto Open-Drain Pins                                                       ; On                 ; On                 ;
; Perform WYSIWYG Primitive Resynthesis                                      ; Off                ; Off                ;
; Auto ROM Replacement                                                       ; On                 ; On                 ;
; Auto RAM Replacement                                                       ; On                 ; On                 ;
; Auto Shift Register Replacement                                            ; Auto               ; Auto               ;
; Allow Shift Register Merging across Hierarchies                            ; Auto               ; Auto               ;
; Auto Clock Enable Replacement                                              ; On                 ; On                 ;
; Strict RAM Replacement                                                     ; Off                ; Off                ;
; Allow Synchronous Control Signals                                          ; On                 ; On                 ;
; Force Use of Synchronous Clear Signals                                     ; Off                ; Off                ;
; Auto RAM to Logic Cell Conversion                                          ; Off                ; Off                ;
; Auto Resource Sharing                                                      ; Off                ; Off                ;
; Allow Any RAM Size For Recognition                                         ; Off                ; Off                ;
; Allow Any ROM Size For Recognition                                         ; Off                ; Off                ;
; Allow Any Shift Register Size For Recognition                              ; Off                ; Off                ;
; Use LogicLock Constraints during Resource Balancing                        ; On                 ; On                 ;
; Ignore translate_off and synthesis_off directives                          ; Off                ; Off                ;
; Timing-Driven Synthesis                                                    ; Off                ; Off                ;
; Report Parameter Settings                                                  ; On                 ; On                 ;
; Report Source Assignments                                                  ; On                 ; On                 ;
; Report Connectivity Checks                                                 ; On                 ; On                 ;
; Ignore Maximum Fan-Out Assignments                                         ; Off                ; Off                ;
; Synchronization Register Chain Length                                      ; 2                  ; 2                  ;
; PowerPlay Power Optimization                                               ; Normal compilation ; Normal compilation ;
; HDL message level                                                          ; Level2             ; Level2             ;
; Suppress Register Optimization Related Messages                            ; Off                ; Off                ;
; Number of Removed Registers Reported in Synthesis Report                   ; 5000               ; 5000               ;
; Number of Swept Nodes Reported in Synthesis Report                         ; 5000               ; 5000               ;
; Number of Inverted Registers Reported in Synthesis Report                  ; 100                ; 100                ;
; Clock MUX Protection                                                       ; On                 ; On                 ;
; Auto Gated Clock Conversion                                                ; Off                ; Off                ;
; Block Design Naming                                                        ; Auto               ; Auto               ;
; SDC constraint protection                                                  ; Off                ; Off                ;
; Synthesis Effort                                                           ; Auto               ; Auto               ;
; Shift Register Replacement - Allow Asynchronous Clear Signal               ; On                 ; On                 ;
; Pre-Mapping Resynthesis Optimization                                       ; Off                ; Off                ;
; Analysis & Synthesis Message Level                                         ; Medium             ; Medium             ;
; Disable Register Merging Across Hierarchies                                ; Auto               ; Auto               ;
; Resource Aware Inference For Block RAM                                     ; On                 ; On                 ;
; Synthesis Seed                                                             ; 1                  ; 1                  ;
+----------------------------------------------------------------------------+--------------------+--------------------+


Parallel compilation was disabled, but you have multiple processors available. Enable parallel compilation to reduce compilation time.
+-------------------------------------+
; Parallel Compilation                ;
+----------------------------+--------+
; Processors                 ; Number ;
+----------------------------+--------+
; Number detected on machine ; 16     ;
; Maximum allowed            ; 1      ;
+----------------------------+--------+


+-----------------------------------------------------------------------------------------------------------------------------------------------------------------------------------------------------+
; Analysis & Synthesis Source Files Read                                                                                                                                                              ;
+----------------------------------+-----------------+------------------------------------+-------------------------------------------------------------------------------------------------+---------+
; File Name with User-Entered Path ; Used in Netlist ; File Type                          ; File Name with Absolute Path                                                                    ; Library ;
+----------------------------------+-----------------+------------------------------------+-------------------------------------------------------------------------------------------------+---------+
; ../Lab10/clock_div.vhd           ; yes             ; User VHDL File                     ; C:/Users/matth/SynologyDrive/College Stuff/Fall 2024/ECET 349/Lab10/clock_div.vhd               ;         ;
; vga_640x480.vhd                  ; yes             ; User VHDL File                     ; C:/Users/matth/SynologyDrive/College Stuff/Fall 2024/ECET 349/FinalProjectv1/vga_640x480.vhd    ;         ;
; vga_sprite_rom.vhd               ; yes             ; User VHDL File                     ; C:/Users/matth/SynologyDrive/College Stuff/Fall 2024/ECET 349/FinalProjectv1/vga_sprite_rom.vhd ;         ;
; top.bdf                          ; yes             ; User Block Diagram/Schematic File  ; C:/Users/matth/SynologyDrive/College Stuff/Fall 2024/ECET 349/FinalProjectv1/top.bdf            ;         ;
; dual_counter.vhd                 ; yes             ; User VHDL File                     ; C:/Users/matth/SynologyDrive/College Stuff/Fall 2024/ECET 349/FinalProjectv1/dual_counter.vhd   ;         ;
; lpm_mult.tdf                     ; yes             ; Megafunction                       ; c:/altera/13.0sp1/quartus/libraries/megafunctions/lpm_mult.tdf                                  ;         ;
; aglobal130.inc                   ; yes             ; Megafunction                       ; c:/altera/13.0sp1/quartus/libraries/megafunctions/aglobal130.inc                                ;         ;
; lpm_add_sub.inc                  ; yes             ; Megafunction                       ; c:/altera/13.0sp1/quartus/libraries/megafunctions/lpm_add_sub.inc                               ;         ;
; multcore.inc                     ; yes             ; Megafunction                       ; c:/altera/13.0sp1/quartus/libraries/megafunctions/multcore.inc                                  ;         ;
; bypassff.inc                     ; yes             ; Megafunction                       ; c:/altera/13.0sp1/quartus/libraries/megafunctions/bypassff.inc                                  ;         ;
; altshift.inc                     ; yes             ; Megafunction                       ; c:/altera/13.0sp1/quartus/libraries/megafunctions/altshift.inc                                  ;         ;
; multcore.tdf                     ; yes             ; Megafunction                       ; c:/altera/13.0sp1/quartus/libraries/megafunctions/multcore.tdf                                  ;         ;
; csa_add.inc                      ; yes             ; Megafunction                       ; c:/altera/13.0sp1/quartus/libraries/megafunctions/csa_add.inc                                   ;         ;
; mpar_add.inc                     ; yes             ; Megafunction                       ; c:/altera/13.0sp1/quartus/libraries/megafunctions/mpar_add.inc                                  ;         ;
; muleabz.inc                      ; yes             ; Megafunction                       ; c:/altera/13.0sp1/quartus/libraries/megafunctions/muleabz.inc                                   ;         ;
; mul_lfrg.inc                     ; yes             ; Megafunction                       ; c:/altera/13.0sp1/quartus/libraries/megafunctions/mul_lfrg.inc                                  ;         ;
; mul_boothc.inc                   ; yes             ; Megafunction                       ; c:/altera/13.0sp1/quartus/libraries/megafunctions/mul_boothc.inc                                ;         ;
; alt_ded_mult.inc                 ; yes             ; Megafunction                       ; c:/altera/13.0sp1/quartus/libraries/megafunctions/alt_ded_mult.inc                              ;         ;
; alt_ded_mult_y.inc               ; yes             ; Megafunction                       ; c:/altera/13.0sp1/quartus/libraries/megafunctions/alt_ded_mult_y.inc                            ;         ;
; dffpipe.inc                      ; yes             ; Megafunction                       ; c:/altera/13.0sp1/quartus/libraries/megafunctions/dffpipe.inc                                   ;         ;
; mpar_add.tdf                     ; yes             ; Megafunction                       ; c:/altera/13.0sp1/quartus/libraries/megafunctions/mpar_add.tdf                                  ;         ;
; lpm_add_sub.tdf                  ; yes             ; Megafunction                       ; c:/altera/13.0sp1/quartus/libraries/megafunctions/lpm_add_sub.tdf                               ;         ;
; addcore.inc                      ; yes             ; Megafunction                       ; c:/altera/13.0sp1/quartus/libraries/megafunctions/addcore.inc                                   ;         ;
; look_add.inc                     ; yes             ; Megafunction                       ; c:/altera/13.0sp1/quartus/libraries/megafunctions/look_add.inc                                  ;         ;
; alt_stratix_add_sub.inc          ; yes             ; Megafunction                       ; c:/altera/13.0sp1/quartus/libraries/megafunctions/alt_stratix_add_sub.inc                       ;         ;
; db/add_sub_2ch.tdf               ; yes             ; Auto-Generated Megafunction        ; C:/Users/matth/SynologyDrive/College Stuff/Fall 2024/ECET 349/FinalProjectv1/db/add_sub_2ch.tdf ;         ;
; db/add_sub_6ch.tdf               ; yes             ; Auto-Generated Megafunction        ; C:/Users/matth/SynologyDrive/College Stuff/Fall 2024/ECET 349/FinalProjectv1/db/add_sub_6ch.tdf ;         ;
; altshift.tdf                     ; yes             ; Megafunction                       ; c:/altera/13.0sp1/quartus/libraries/megafunctions/altshift.tdf                                  ;         ;
+----------------------------------+-----------------+------------------------------------+-------------------------------------------------------------------------------------------------+---------+


+---------------------------------------------------------------------------+
; Analysis & Synthesis Resource Usage Summary                               ;
+---------------------------------------------+-----------------------------+
; Resource                                    ; Usage                       ;
+---------------------------------------------+-----------------------------+
; Estimated Total logic elements              ; 12,174                      ;
;                                             ;                             ;
; Total combinational functions               ; 12174                       ;
; Logic element usage by number of LUT inputs ;                             ;
;     -- 4 input functions                    ; 10953                       ;
;     -- 3 input functions                    ; 974                         ;
;     -- <=2 input functions                  ; 247                         ;
;                                             ;                             ;
; Logic elements by mode                      ;                             ;
;     -- normal mode                          ; 12001                       ;
;     -- arithmetic mode                      ; 173                         ;
;                                             ;                             ;
; Total registers                             ; 65                          ;
;     -- Dedicated logic registers            ; 65                          ;
;     -- I/O registers                        ; 0                           ;
;                                             ;                             ;
; I/O pins                                    ; 16                          ;
; Embedded Multiplier 9-bit elements          ; 0                           ;
; Maximum fan-out node                        ; vga_sprite_rom:inst7|Add8~0 ;
; Maximum fan-out                             ; 4533                        ;
; Total fan-out                               ; 47445                       ;
; Average fan-out                             ; 3.87                        ;
+---------------------------------------------+-----------------------------+


+---------------------------------------------------------------------------------------------------------------------------------------------------------------------------------------------------------------------------------------------------------------------------------------------------------------------------------+
; Analysis & Synthesis Resource Utilization by Entity                                                                                                                                                                                                                                                                             ;
+---------------------------------------------------+-------------------+--------------+-------------+--------------+---------+-----------+------+--------------+--------------------------------------------------------------------------------------------------------------------------------------------------+--------------+
; Compilation Hierarchy Node                        ; LC Combinationals ; LC Registers ; Memory Bits ; DSP Elements ; DSP 9x9 ; DSP 18x18 ; Pins ; Virtual Pins ; Full Hierarchy Name                                                                                                                              ; Library Name ;
+---------------------------------------------------+-------------------+--------------+-------------+--------------+---------+-----------+------+--------------+--------------------------------------------------------------------------------------------------------------------------------------------------+--------------+
; |top                                              ; 12174 (0)         ; 65 (0)       ; 0           ; 0            ; 0       ; 0         ; 16   ; 0            ; |top                                                                                                                                             ; work         ;
;    |clock_div:inst2|                              ; 38 (38)           ; 20 (20)      ; 0           ; 0            ; 0       ; 0         ; 0    ; 0            ; |top|clock_div:inst2                                                                                                                             ; work         ;
;    |clock_div:inst|                               ; 1 (1)             ; 1 (1)        ; 0           ; 0            ; 0       ; 0         ; 0    ; 0            ; |top|clock_div:inst                                                                                                                              ; work         ;
;    |dual_counter:inst3|                           ; 44 (44)           ; 23 (23)      ; 0           ; 0            ; 0       ; 0         ; 0    ; 0            ; |top|dual_counter:inst3                                                                                                                          ; work         ;
;    |vga_640x480:inst1|                            ; 39 (39)           ; 21 (21)      ; 0           ; 0            ; 0       ; 0         ; 0    ; 0            ; |top|vga_640x480:inst1                                                                                                                           ; work         ;
;    |vga_sprite_rom:inst7|                         ; 12052 (12025)     ; 0 (0)        ; 0           ; 0            ; 0       ; 0         ; 0    ; 0            ; |top|vga_sprite_rom:inst7                                                                                                                        ; work         ;
;       |lpm_mult:Mult0|                            ; 27 (0)            ; 0 (0)        ; 0           ; 0            ; 0       ; 0         ; 0    ; 0            ; |top|vga_sprite_rom:inst7|lpm_mult:Mult0                                                                                                         ; work         ;
;          |multcore:mult_core|                     ; 27 (15)           ; 0 (0)        ; 0           ; 0            ; 0       ; 0         ; 0    ; 0            ; |top|vga_sprite_rom:inst7|lpm_mult:Mult0|multcore:mult_core                                                                                      ; work         ;
;             |mpar_add:padder|                     ; 12 (0)            ; 0 (0)        ; 0           ; 0            ; 0       ; 0         ; 0    ; 0            ; |top|vga_sprite_rom:inst7|lpm_mult:Mult0|multcore:mult_core|mpar_add:padder                                                                      ; work         ;
;                |lpm_add_sub:adder[0]|             ; 8 (0)             ; 0 (0)        ; 0           ; 0            ; 0       ; 0         ; 0    ; 0            ; |top|vga_sprite_rom:inst7|lpm_mult:Mult0|multcore:mult_core|mpar_add:padder|lpm_add_sub:adder[0]                                                 ; work         ;
;                   |add_sub_2ch:auto_generated|    ; 8 (8)             ; 0 (0)        ; 0           ; 0            ; 0       ; 0         ; 0    ; 0            ; |top|vga_sprite_rom:inst7|lpm_mult:Mult0|multcore:mult_core|mpar_add:padder|lpm_add_sub:adder[0]|add_sub_2ch:auto_generated                      ; work         ;
;                |mpar_add:sub_par_add|             ; 4 (0)             ; 0 (0)        ; 0           ; 0            ; 0       ; 0         ; 0    ; 0            ; |top|vga_sprite_rom:inst7|lpm_mult:Mult0|multcore:mult_core|mpar_add:padder|mpar_add:sub_par_add                                                 ; work         ;
;                   |lpm_add_sub:adder[0]|          ; 4 (0)             ; 0 (0)        ; 0           ; 0            ; 0       ; 0         ; 0    ; 0            ; |top|vga_sprite_rom:inst7|lpm_mult:Mult0|multcore:mult_core|mpar_add:padder|mpar_add:sub_par_add|lpm_add_sub:adder[0]                            ; work         ;
;                      |add_sub_6ch:auto_generated| ; 4 (4)             ; 0 (0)        ; 0           ; 0            ; 0       ; 0         ; 0    ; 0            ; |top|vga_sprite_rom:inst7|lpm_mult:Mult0|multcore:mult_core|mpar_add:padder|mpar_add:sub_par_add|lpm_add_sub:adder[0]|add_sub_6ch:auto_generated ; work         ;
+---------------------------------------------------+-------------------+--------------+-------------+--------------+---------+-----------+------+--------------+--------------------------------------------------------------------------------------------------------------------------------------------------+--------------+
Note: For table entries with two numbers listed, the numbers in parentheses indicate the number of resources of the given type used by the specific entity alone. The numbers listed outside of parentheses indicate the total resources of the given type used by the specific entity and all of its sub-entities in the hierarchy.


+--------------------------------------------------------------------------------------+
; Registers Removed During Synthesis                                                   ;
+---------------------------------------+----------------------------------------------+
; Register name                         ; Reason for Removal                           ;
+---------------------------------------+----------------------------------------------+
; clock_div:inst|count                  ; Stuck at GND due to stuck port data_in       ;
; dual_counter:inst3|count2_reg[0]      ; Merged with dual_counter:inst3|count1_reg[0] ;
; Total Number of Removed Registers = 2 ;                                              ;
+---------------------------------------+----------------------------------------------+


+------------------------------------------------------+
; General Register Statistics                          ;
+----------------------------------------------+-------+
; Statistic                                    ; Value ;
+----------------------------------------------+-------+
; Total registers                              ; 65    ;
; Number of registers using Synchronous Clear  ; 0     ;
; Number of registers using Synchronous Load   ; 9     ;
; Number of registers using Asynchronous Clear ; 65    ;
; Number of registers using Asynchronous Load  ; 0     ;
; Number of registers using Clock Enable       ; 10    ;
; Number of registers using Preset             ; 0     ;
+----------------------------------------------+-------+


+--------------------------------------------------+
; Inverted Register Statistics                     ;
+----------------------------------------+---------+
; Inverted Register                      ; Fan out ;
+----------------------------------------+---------+
; dual_counter:inst3|direction1          ; 2       ;
; dual_counter:inst3|direction2          ; 3       ;
; Total number of inverted registers = 2 ;         ;
+----------------------------------------+---------+


+------------------------------------------------------------------------------------------------------------------------------------------------------+
; Multiplexer Restructuring Statistics (Restructuring Performed)                                                                                       ;
+--------------------+-----------+---------------+----------------------+------------------------+------------+----------------------------------------+
; Multiplexer Inputs ; Bus Width ; Baseline Area ; Area if Restructured ; Saving if Restructured ; Registered ; Example Multiplexer Output             ;
+--------------------+-----------+---------------+----------------------+------------------------+------------+----------------------------------------+
; 4:1                ; 10 bits   ; 20 LEs        ; 10 LEs               ; 10 LEs                 ; Yes        ; |top|dual_counter:inst3|count1_reg[7]  ;
; 4:1                ; 9 bits    ; 18 LEs        ; 9 LEs                ; 9 LEs                  ; Yes        ; |top|dual_counter:inst3|count2_reg[4]  ;
; 6:1                ; 2 bits    ; 8 LEs         ; 0 LEs                ; 8 LEs                  ; Yes        ; |top|dual_counter:inst3|hitside_reg[0] ;
; 5:1                ; 8 bits    ; 24 LEs        ; 24 LEs               ; 0 LEs                  ; No         ; |top|vga_sprite_rom:inst7|blue[2]      ;
+--------------------+-----------+---------------+----------------------+------------------------+------------+----------------------------------------+


+-------------------------------------------------------------+
; Parameter Settings for User Entity Instance: clock_div:inst ;
+----------------+-------+------------------------------------+
; Parameter Name ; Value ; Type                               ;
+----------------+-------+------------------------------------+
; n              ; 1     ; Signed Integer                     ;
+----------------+-------+------------------------------------+
Note: In order to hide this table in the UI and the text report file, please set the "Show Parameter Settings in Synthesis Report" option in "Analysis and Synthesis Settings -> More Settings" to "Off".


+-------------------------------------------------------------------+
; Parameter Settings for User Entity Instance: vga_sprite_rom:inst7 ;
+----------------+-------+------------------------------------------+
; Parameter Name ; Value ; Type                                     ;
+----------------+-------+------------------------------------------+
; w              ; 90    ; Signed Integer                           ;
; h              ; 60    ; Signed Integer                           ;
+----------------+-------+------------------------------------------+
Note: In order to hide this table in the UI and the text report file, please set the "Show Parameter Settings in Synthesis Report" option in "Analysis and Synthesis Settings -> More Settings" to "Off".


+--------------------------------------------------------------+
; Parameter Settings for User Entity Instance: clock_div:inst2 ;
+----------------+--------+------------------------------------+
; Parameter Name ; Value  ; Type                               ;
+----------------+--------+------------------------------------+
; n              ; 416667 ; Signed Integer                     ;
+----------------+--------+------------------------------------+
Note: In order to hide this table in the UI and the text report file, please set the "Show Parameter Settings in Synthesis Report" option in "Analysis and Synthesis Settings -> More Settings" to "Off".


+--------------------------------------------------------------------------------------+
; Parameter Settings for Inferred Entity Instance: vga_sprite_rom:inst7|lpm_mult:Mult0 ;
+------------------------------------------------+------------+------------------------+
; Parameter Name                                 ; Value      ; Type                   ;
+------------------------------------------------+------------+------------------------+
; AUTO_CARRY_CHAINS                              ; ON         ; AUTO_CARRY             ;
; IGNORE_CARRY_BUFFERS                           ; OFF        ; IGNORE_CARRY           ;
; AUTO_CASCADE_CHAINS                            ; ON         ; AUTO_CASCADE           ;
; IGNORE_CASCADE_BUFFERS                         ; OFF        ; IGNORE_CASCADE         ;
; LPM_WIDTHA                                     ; 10         ; Untyped                ;
; LPM_WIDTHB                                     ; 7          ; Untyped                ;
; LPM_WIDTHP                                     ; 17         ; Untyped                ;
; LPM_WIDTHR                                     ; 17         ; Untyped                ;
; LPM_WIDTHS                                     ; 1          ; Untyped                ;
; LPM_REPRESENTATION                             ; UNSIGNED   ; Untyped                ;
; LPM_PIPELINE                                   ; 0          ; Untyped                ;
; LATENCY                                        ; 0          ; Untyped                ;
; INPUT_A_IS_CONSTANT                            ; NO         ; Untyped                ;
; INPUT_B_IS_CONSTANT                            ; YES        ; Untyped                ;
; USE_EAB                                        ; OFF        ; Untyped                ;
; MAXIMIZE_SPEED                                 ; 6          ; Untyped                ;
; DEVICE_FAMILY                                  ; Cyclone II ; Untyped                ;
; CARRY_CHAIN                                    ; MANUAL     ; Untyped                ;
; APEX20K_TECHNOLOGY_MAPPER                      ; LUT        ; TECH_MAPPER_APEX20K    ;
; DEDICATED_MULTIPLIER_CIRCUITRY                 ; AUTO       ; Untyped                ;
; DEDICATED_MULTIPLIER_MIN_INPUT_WIDTH_FOR_AUTO  ; 0          ; Untyped                ;
; DEDICATED_MULTIPLIER_MIN_OUTPUT_WIDTH_FOR_AUTO ; 0          ; Untyped                ;
; CBXI_PARAMETER                                 ; NOTHING    ; Untyped                ;
; INPUT_A_FIXED_VALUE                            ; Bx         ; Untyped                ;
; INPUT_B_FIXED_VALUE                            ; Bx         ; Untyped                ;
; USE_AHDL_IMPLEMENTATION                        ; OFF        ; Untyped                ;
+------------------------------------------------+------------+------------------------+
Note: In order to hide this table in the UI and the text report file, please set the "Show Parameter Settings in Synthesis Report" option in "Analysis and Synthesis Settings -> More Settings" to "Off".


+-----------------------------------------------------------------------------+
; lpm_mult Parameter Settings by Entity Instance                              ;
+---------------------------------------+-------------------------------------+
; Name                                  ; Value                               ;
+---------------------------------------+-------------------------------------+
; Number of entity instances            ; 1                                   ;
; Entity Instance                       ; vga_sprite_rom:inst7|lpm_mult:Mult0 ;
;     -- LPM_WIDTHA                     ; 10                                  ;
;     -- LPM_WIDTHB                     ; 7                                   ;
;     -- LPM_WIDTHP                     ; 17                                  ;
;     -- LPM_REPRESENTATION             ; UNSIGNED                            ;
;     -- INPUT_A_IS_CONSTANT            ; NO                                  ;
;     -- INPUT_B_IS_CONSTANT            ; YES                                 ;
;     -- USE_EAB                        ; OFF                                 ;
;     -- DEDICATED_MULTIPLIER_CIRCUITRY ; AUTO                                ;
;     -- INPUT_A_FIXED_VALUE            ; Bx                                  ;
;     -- INPUT_B_FIXED_VALUE            ; Bx                                  ;
+---------------------------------------+-------------------------------------+


+-------------------------------+
; Elapsed Time Per Partition    ;
+----------------+--------------+
; Partition Name ; Elapsed Time ;
+----------------+--------------+
; Top            ; 00:04:26     ;
+----------------+--------------+


+-------------------------------+
; Analysis & Synthesis Messages ;
+-------------------------------+
Info: *******************************************************************
Info: Running Quartus II 64-Bit Analysis & Synthesis
    Info: Version 13.0.1 Build 232 06/12/2013 Service Pack 1 SJ Web Edition
    Info: Processing started: Thu Dec 05 17:34:55 2024
Info: Command: quartus_map --read_settings_files=on --write_settings_files=off vga_640x480 -c vga_640x480
Warning (20028): Parallel compilation is not licensed and has been disabled
Info (12021): Found 2 design units, including 1 entities, in source file /users/matth/synologydrive/college stuff/fall 2024/ecet 349/lab10/clock_div.vhd
    Info (12022): Found design unit 1: clock_div-behavioral
    Info (12023): Found entity 1: clock_div
Info (12021): Found 2 design units, including 1 entities, in source file vga_640x480.vhd
    Info (12022): Found design unit 1: vga_640x480-behavioral
    Info (12023): Found entity 1: vga_640x480
Info (12021): Found 2 design units, including 1 entities, in source file vga_stripes.vhd
    Info (12022): Found design unit 1: vga_stripes-behavioral
    Info (12023): Found entity 1: vga_stripes
Info (12021): Found 2 design units, including 1 entities, in source file vga_sprite_rom.vhd
    Info (12022): Found design unit 1: vga_sprite_rom-behavioral
    Info (12023): Found entity 1: vga_sprite_rom
Info (12021): Found 1 design units, including 1 entities, in source file top.bdf
    Info (12023): Found entity 1: top
Info (12021): Found 2 design units, including 1 entities, in source file clock_divider.vhd
    Info (12022): Found design unit 1: Clock_Divider-behavior
    Info (12023): Found entity 1: Clock_Divider
Info (12021): Found 2 design units, including 1 entities, in source file dual_counter.vhd
    Info (12022): Found design unit 1: dual_counter-Behavioral
    Info (12023): Found entity 1: dual_counter
Info (12127): Elaborating entity "top" for the top level hierarchy
Info (12128): Elaborating entity "vga_640x480" for hierarchy "vga_640x480:inst1"
Info (12128): Elaborating entity "clock_div" for hierarchy "clock_div:inst"
Info (12128): Elaborating entity "vga_sprite_rom" for hierarchy "vga_sprite_rom:inst7"
Warning (10541): VHDL Signal Declaration warning at vga_sprite_rom.vhd(40): used implicit default value for signal "rom" because signal was never assigned a value or an explicit default value. Use of implicit default value may introduce unintended design optimizations.
Warning (10541): VHDL Signal Declaration warning at vga_sprite_rom.vhd(48): used implicit default value for signal "rom1" because signal was never assigned a value or an explicit default value. Use of implicit default value may introduce unintended design optimizations.
Warning (10541): VHDL Signal Declaration warning at vga_sprite_rom.vhd(56): used implicit default value for signal "rom2" because signal was never assigned a value or an explicit default value. Use of implicit default value may introduce unintended design optimizations.
Warning (10541): VHDL Signal Declaration warning at vga_sprite_rom.vhd(64): used implicit default value for signal "rom3" because signal was never assigned a value or an explicit default value. Use of implicit default value may introduce unintended design optimizations.
Warning (10492): VHDL Process Statement warning at vga_sprite_rom.vhd(96): signal "rom" is read inside the Process Statement but isn't in the Process Statement's sensitivity list
Warning (10492): VHDL Process Statement warning at vga_sprite_rom.vhd(98): signal "rom1" is read inside the Process Statement but isn't in the Process Statement's sensitivity list
Warning (10492): VHDL Process Statement warning at vga_sprite_rom.vhd(100): signal "rom2" is read inside the Process Statement but isn't in the Process Statement's sensitivity list
Warning (10492): VHDL Process Statement warning at vga_sprite_rom.vhd(102): signal "rom3" is read inside the Process Statement but isn't in the Process Statement's sensitivity list
Info (12128): Elaborating entity "dual_counter" for hierarchy "dual_counter:inst3"
Info (12128): Elaborating entity "clock_div" for hierarchy "clock_div:inst2"
Info (276014): Found 4 instances of uninferred RAM logic
    Info (276007): RAM logic "vga_sprite_rom:inst7|rom" is uninferred due to asynchronous read logic
    Info (276007): RAM logic "vga_sprite_rom:inst7|rom1" is uninferred due to asynchronous read logic
    Info (276007): RAM logic "vga_sprite_rom:inst7|rom2" is uninferred due to asynchronous read logic
    Info (276007): RAM logic "vga_sprite_rom:inst7|rom3" is uninferred due to asynchronous read logic
Critical Warning (127005): Memory depth (8192) in the design file differs from memory depth (5400) in the Memory Initialization File "C:/Users/matth/SynologyDrive/College Stuff/Fall 2024/ECET 349/FinalProjectv1/john.mif" -- setting initial value for remaining addresses to 0
Critical Warning (127005): Memory depth (8192) in the design file differs from memory depth (5400) in the Memory Initialization File "C:/Users/matth/SynologyDrive/College Stuff/Fall 2024/ECET 349/FinalProjectv1/matt.mif" -- setting initial value for remaining addresses to 0
Critical Warning (127005): Memory depth (8192) in the design file differs from memory depth (5400) in the Memory Initialization File "C:/Users/matth/SynologyDrive/College Stuff/Fall 2024/ECET 349/FinalProjectv1/patrick.mif" -- setting initial value for remaining addresses to 0
Critical Warning (127005): Memory depth (8192) in the design file differs from memory depth (5400) in the Memory Initialization File "C:/Users/matth/SynologyDrive/College Stuff/Fall 2024/ECET 349/FinalProjectv1/professor.mif" -- setting initial value for remaining addresses to 0
Info (278001): Inferred 1 megafunctions from design logic
    Info (278003): Inferred multiplier megafunction ("lpm_mult") from the following logic: "vga_sprite_rom:inst7|Mult0"
Info (12130): Elaborated megafunction instantiation "vga_sprite_rom:inst7|lpm_mult:Mult0"
Info (12133): Instantiated megafunction "vga_sprite_rom:inst7|lpm_mult:Mult0" with the following parameter:
    Info (12134): Parameter "LPM_WIDTHA" = "10"
    Info (12134): Parameter "LPM_WIDTHB" = "7"
    Info (12134): Parameter "LPM_WIDTHP" = "17"
    Info (12134): Parameter "LPM_WIDTHR" = "17"
    Info (12134): Parameter "LPM_WIDTHS" = "1"
    Info (12134): Parameter "LPM_REPRESENTATION" = "UNSIGNED"
    Info (12134): Parameter "INPUT_A_IS_CONSTANT" = "NO"
    Info (12134): Parameter "INPUT_B_IS_CONSTANT" = "YES"
    Info (12134): Parameter "MAXIMIZE_SPEED" = "6"
Info (12131): Elaborated megafunction instantiation "vga_sprite_rom:inst7|lpm_mult:Mult0|multcore:mult_core", which is child of megafunction instantiation "vga_sprite_rom:inst7|lpm_mult:Mult0"
Info (12131): Elaborated megafunction instantiation "vga_sprite_rom:inst7|lpm_mult:Mult0|multcore:mult_core|mpar_add:padder", which is child of megafunction instantiation "vga_sprite_rom:inst7|lpm_mult:Mult0"
Info (12131): Elaborated megafunction instantiation "vga_sprite_rom:inst7|lpm_mult:Mult0|multcore:mult_core|mpar_add:padder|lpm_add_sub:adder[0]", which is child of megafunction instantiation "vga_sprite_rom:inst7|lpm_mult:Mult0"
Info (12021): Found 1 design units, including 1 entities, in source file db/add_sub_2ch.tdf
    Info (12023): Found entity 1: add_sub_2ch
Info (12131): Elaborated megafunction instantiation "vga_sprite_rom:inst7|lpm_mult:Mult0|multcore:mult_core|mpar_add:padder|mpar_add:sub_par_add", which is child of megafunction instantiation "vga_sprite_rom:inst7|lpm_mult:Mult0"
Info (12131): Elaborated megafunction instantiation "vga_sprite_rom:inst7|lpm_mult:Mult0|multcore:mult_core|mpar_add:padder|mpar_add:sub_par_add|lpm_add_sub:adder[0]", which is child of megafunction instantiation "vga_sprite_rom:inst7|lpm_mult:Mult0"
Info (12021): Found 1 design units, including 1 entities, in source file db/add_sub_6ch.tdf
    Info (12023): Found entity 1: add_sub_6ch
Info (12131): Elaborated megafunction instantiation "vga_sprite_rom:inst7|lpm_mult:Mult0|altshift:external_latency_ffs", which is child of megafunction instantiation "vga_sprite_rom:inst7|lpm_mult:Mult0"
Info (13000): Registers with preset signals will power-up high
Info (13003): DEV_CLRn pin will set, and not reset, register with preset signal due to NOT Gate Push-Back
Warning (13024): Output pins are stuck at VCC or GND
    Warning (13410): Pin "BLUE[1]" is stuck at GND
    Warning (13410): Pin "BLUE[0]" is stuck at GND
    Warning (13410): Pin "GREEN[0]" is stuck at GND
    Warning (13410): Pin "RED[0]" is stuck at GND
Info (16010): Generating hard_block partition "hard_block:auto_generated_inst"
    Info (16011): Adding 0 node(s), including 0 DDIO, 0 PLL, 0 transceiver and 0 LCELL
Info (21057): Implemented 12191 device resources after synthesis - the final resource count might be different
    Info (21058): Implemented 2 input pins
    Info (21059): Implemented 14 output pins
    Info (21061): Implemented 12175 logic cells
Info: Quartus II 64-Bit Analysis & Synthesis was successful. 0 errors, 18 warnings
    Info: Peak virtual memory: 4725 megabytes
    Info: Processing ended: Thu Dec 05 17:39:33 2024
    Info: Elapsed time: 00:04:38
    Info: Total CPU time (on all processors): 00:04:25


